[0921/184858.536:ERROR:http_transport_win.cc(267)] WinHttpSendRequest: The server name or address could not be resolved  (0x2ee7)
[0921/185025.394:ERROR:process_info.cc(632)] range at 0xcd3d27d800000000, size 0x2f5 fully unreadable
[0921/185025.395:ERROR:process_info.cc(632)] range at 0xcd3d27f800000000, size 0x2f5 fully unreadable
[0921/185025.395:ERROR:process_info.cc(632)] range at 0x0, size 0x2f5 fully unreadable
[0921/204507.699:ERROR:process_info.cc(632)] range at 0xaf7425da00000000, size 0x16e fully unreadable
[0921/204507.745:ERROR:process_info.cc(632)] range at 0xaf7425fa00000000, size 0x16e fully unreadable
[0921/204507.745:ERROR:process_info.cc(632)] range at 0x0, size 0x16e fully unreadable
[0926/144616.131:ERROR:process_info.cc(632)] range at 0x6c7927f800000000, size 0x222 fully unreadable
[0926/144616.164:ERROR:process_info.cc(632)] range at 0x6c79281800000000, size 0x222 fully unreadable
[0926/144616.164:ERROR:process_info.cc(632)] range at 0x0, size 0x222 fully unreadable
[0926/192650.098:ERROR:http_transport_win.cc(267)] WinHttpSendRequest: The operation timed out  (0x2ee2)
[0926/192940.011:ERROR:process_info.cc(632)] range at 0x86e727f800000000, size 0x219 fully unreadable
[0926/192940.027:ERROR:process_info.cc(632)] range at 0x86e7281800000000, size 0x219 fully unreadable
[0926/192940.027:ERROR:process_info.cc(632)] range at 0x0, size 0x219 fully unreadable
[0927/083506.767:ERROR:process_info.cc(632)] range at 0x16842aa000000000, size 0x1e8 fully unreadable
[0927/083506.806:ERROR:process_info.cc(632)] range at 0x16842ac000000000, size 0x1e8 fully unreadable
[0927/083506.806:ERROR:process_info.cc(632)] range at 0x0, size 0x1e8 fully unreadable
[0927/083527.739:ERROR:process_info.cc(632)] range at 0x7b6a27f800000000, size 0x251 fully unreadable
[0927/083527.739:ERROR:process_info.cc(632)] range at 0x7b6a281800000000, size 0x251 fully unreadable
[0927/083527.739:ERROR:process_info.cc(632)] range at 0x0, size 0x251 fully unreadable
[0927/083537.974:ERROR:process_reader_win.cc(242)] ReadMemory at 0xb76dffe000 of 8192 bytes failed: Only part of a ReadProcessMemory or WriteProcessMemory request was completed. (0x12B)
[0927/083538.056:ERROR:crash_report_exception_handler.cc(116)] WriteEverything failed
[0927/083539.351:ERROR:scoped_process_suspend.cc(39)] NtResumeProcess: An attempt was made to access an exiting process.  (0xc000010a)
[0928/154049.637:ERROR:process_info.cc(632)] range at 0x4386288800000000, size 0x1ee fully unreadable
[0928/154049.721:ERROR:process_info.cc(632)] range at 0x438628a800000000, size 0x1ee fully unreadable
[0928/154049.721:ERROR:process_info.cc(632)] range at 0x0, size 0x1ee fully unreadable
